Log file open, 03/15/17 13:20:11
LogInit:Display: Running engine for game: Hugis_project
LogPlatformFile: Not using cached read wrapper
LogInit:Display: RandInit(1017947454) SRandInit(1017947454).
LogTaskGraph: Started task graph with 5 named threads and 8 total threads with 1 sets of task threads.
LogStats: Stats thread started at 0.069593
LogInit: Using libcurl 7.47.1
LogInit:  - built for x86_64-pc-win32
LogInit:  - supports SSL with OpenSSL/1.0.2g
LogInit:  - supports HTTP deflate (compression) using libz 1.2.8
LogInit:  - other features:
LogInit:      CURL_VERSION_SSL
LogInit:      CURL_VERSION_LIBZ
LogInit:      CURL_VERSION_IPV6
LogInit:      CURL_VERSION_ASYNCHDNS
LogInit:      CURL_VERSION_LARGEFILE
LogInit:      CURL_VERSION_IDN
LogInit:  CurlRequestOptions (configurable via config and command line):
LogInit:  - bVerifyPeer = false  - Libcurl will NOT verify peer certificate
LogInit:  - bUseHttpProxy = false  - Libcurl will NOT use HTTP proxy
LogInit:  - bDontReuseConnections = false  - Libcurl will reuse connections
LogInit:  - CertBundlePath = nullptr  - Libcurl will use whatever was configured at build time.
LogInit: Build: ++UE4+Release-4.15-CL-3299760
LogInit: Engine Version: 4.15.0-3299760+++UE4+Release-4.15
LogInit: Compatible Engine Version: 4.15.0-3299760+++UE4+Release-4.15
LogInit: Net CL: 3299760
LogDevObjectVersion: Number of dev versions registered: 14
LogDevObjectVersion:   Dev-Blueprints (B0D832E4-1F89-4F0D-ACCF-7EB736FD4AA2): 8
LogDevObjectVersion:   Dev-Build (E1C64328-A22C-4D53-A36C-8E866417BD8C): 0
LogDevObjectVersion:   Dev-Core (375EC13C-06E4-48FB-B500-84F0262A717E): 2
LogDevObjectVersion:   Dev-Editor (E4B068ED-F494-42E9-A231-DA0B2E46BB41): 14
LogDevObjectVersion:   Dev-Framework (CFFC743F-43B0-4480-9391-14DF171D2073): 22
LogDevObjectVersion:   Dev-Mobile (B02B49B5-BB20-44E9-A304-32B752E40360): 0
LogDevObjectVersion:   Dev-Networking (A4E4105C-59A1-49B5-A7C5-40C4547EDFEE): 0
LogDevObjectVersion:   Dev-Online (39C831C9-5AE6-47DC-9A44-9C173E1C8E7C): 0
LogDevObjectVersion:   Dev-Physics (78F01B33-EBEA-4F98-B9B4-84EACCB95AA2): 0
LogDevObjectVersion:   Dev-Platform (6631380F-2D4D-43E0-8009-CF276956A95A): 0
LogDevObjectVersion:   Dev-Rendering (12F88B9F-8875-4AFC-A67C-D90C383ABD29): 12
LogDevObjectVersion:   Dev-Sequencer (7B5AE74C-D270-4C10-A958-57980B212A5A): 3
LogDevObjectVersion:   Dev-VR (D7296918-1DD6-4BDD-9DE2-64A83CC13884): 0
LogDevObjectVersion:   Dev-LoadTimes (C2A15278-BFE7-4AFE-6C17-90FF531DF755): 1
LogInit: Compiled (64-bit): Feb 14 2017 02:04:14
LogInit: Compiled with Visual C++: 19.00.23026.00
LogInit: Build Configuration: Development
LogInit: Branch Name: ++UE4+Release-4.15
LogInit: Command line:  
LogInit: Base directory: C:/Program Files/Epic Games/UE_4.15/Engine/Binaries/Win64/
LogInit: Installed Engine Build: 1
LogInit: Presizing for max 8388607 objects, including 0 objects not considered by GC, pre-allocating 0 bytes for permanent pool.
LogInit: Object subsystem initialized
[2017.03.15-11.20.12:453][  0]LogInit: Selected Device Profile: [Windows]
[2017.03.15-11.20.12:453][  0]LogInit: Applying CVar settings loaded from the selected device profile: [Windows]
[2017.03.15-11.20.12:462][  0]LogInit: Computer: C3008-10
[2017.03.15-11.20.12:462][  0]LogInit: User: michaelkarlsson
[2017.03.15-11.20.12:462][  0]LogInit: CPU Page size=65536, Cores=4
[2017.03.15-11.20.12:462][  0]LogInit: High frequency timer resolution =3.328121 MHz
[2017.03.15-11.20.12:463][  0]LogMemory: Memory total: Physical=15.9GB (16GB approx)
[2017.03.15-11.20.12:463][  0]LogMemory: Platform Memory Stats for Windows
[2017.03.15-11.20.12:463][  0]LogMemory: Process Physical Memory: 263.07 MB used, 263.07 MB peak
[2017.03.15-11.20.12:463][  0]LogMemory: Process Virtual Memory: 262.70 MB used, 262.70 MB peak
[2017.03.15-11.20.12:463][  0]LogMemory: Physical Memory: 3957.91 MB used,  12306.68 MB free, 16264.59 MB total
[2017.03.15-11.20.12:463][  0]LogMemory: Virtual Memory: 645.25 MB used,  12306.68 MB free, 134217728.00 MB total
[2017.03.15-11.20.12:524][  0]LogTextLocalizationManager: No specific translations for ('en-US') exist, so ('en') translations will be used.
[2017.03.15-11.20.12:985][  0]LogD3D11RHI: D3D11 adapters:
[2017.03.15-11.20.13:009][  0]LogD3D11RHI:    0. 'NVIDIA GeForce GTX 960' (Feature Level 11_0)
[2017.03.15-11.20.13:009][  0]LogD3D11RHI:       1969/0/8132 MB DedicatedVideo/DedicatedSystem/SharedSystem, Outputs:1, VendorId:0x10de
[2017.03.15-11.20.13:014][  0]LogD3D11RHI:    1. 'Intel(R) HD Graphics 530' (Feature Level 11_0)
[2017.03.15-11.20.13:014][  0]LogD3D11RHI:       128/0/8132 MB DedicatedVideo/DedicatedSystem/SharedSystem, Outputs:0, VendorId:0x8086
[2017.03.15-11.20.13:015][  0]LogD3D11RHI:    2. 'Microsoft Basic Render Driver' (Feature Level 11_0)
[2017.03.15-11.20.13:015][  0]LogD3D11RHI:       0/0/8132 MB DedicatedVideo/DedicatedSystem/SharedSystem, Outputs:0, VendorId:0x1414
[2017.03.15-11.20.13:015][  0]LogD3D11RHI: Chosen D3D11 Adapter: 0
[2017.03.15-11.20.13:017][  0]LogD3D11RHI: Creating new Direct3DDevice
[2017.03.15-11.20.13:017][  0]LogD3D11RHI:     GPU DeviceId: 0x1401 (for the marketing name, search the web for "GPU Device Id")
[2017.03.15-11.20.13:017][  0]LogWindows: EnumDisplayDevices:
[2017.03.15-11.20.13:017][  0]LogWindows:    0. 'NVIDIA GeForce GTX 960' (P:1 D:1)
[2017.03.15-11.20.13:018][  0]LogWindows:    1. 'NVIDIA GeForce GTX 960' (P:0 D:0)
[2017.03.15-11.20.13:018][  0]LogWindows:    2. 'NVIDIA GeForce GTX 960' (P:0 D:0)
[2017.03.15-11.20.13:018][  0]LogWindows:    3. 'NVIDIA GeForce GTX 960' (P:0 D:0)
[2017.03.15-11.20.13:018][  0]LogWindows:    4. 'Intel(R) HD Graphics 530' (P:0 D:0)
[2017.03.15-11.20.13:018][  0]LogWindows:    5. 'Intel(R) HD Graphics 530' (P:0 D:0)
[2017.03.15-11.20.13:018][  0]LogWindows:    6. 'Intel(R) HD Graphics 530' (P:0 D:0)
[2017.03.15-11.20.13:018][  0]LogWindows: DebugString: PrimaryIsNotTheChoosenAdapter PrimaryIsNotTheChoosenAdapter PrimaryIsNotTheChoosenAdapter PrimaryIsNotTheChoosenAdapter PrimaryIsNotTheChoosenAdapter PrimaryIsNotTheChoosenAdapter PrimaryIsNotTheChoosenAdapter FoundDriverCount:0 
[2017.03.15-11.20.13:018][  0]LogD3D11RHI:     Adapter Name: NVIDIA GeForce GTX 960
[2017.03.15-11.20.13:018][  0]LogD3D11RHI:   Driver Version: Unknown (internal:Unknown, unified:Unknown)
[2017.03.15-11.20.13:018][  0]LogD3D11RHI:      Driver Date: Unknown
[2017.03.15-11.20.13:018][  0]LogRHI: Texture pool is 1361 MB (70% of 1945 MB)
[2017.03.15-11.20.13:028][  0]LogD3D11RHI: NvAPI_D3D_GetCurrentSLIState failed: 0xfffffff7
[2017.03.15-11.20.13:028][  0]LogD3D11RHI: Async texture creation enabled
[2017.03.15-11.20.13:038][  0]LogD3D11RHI: GPU Timing Frequency: 1000.000000 (Debug: 2 1)
[2017.03.15-11.20.13:039][  0]LogShaderCompilers: Guid format shader working directory is -20 characters bigger than the processId version (../../../../../../Users/michael.karlsson/Documents/GitHub/Hugis/Hugis_project/Intermediate/Shaders/WorkingDirectory/3492/).
[2017.03.15-11.20.13:039][  0]LogShaderCompilers: Cleaned the shader compiler working directory 'C:/Users/michael.karlsson/AppData/Local/Temp/UnrealShaderWorkingDir/56D85CBA4ACDC98108AA339D841EC832/'.
[2017.03.15-11.20.13:039][  0]LogShaderCompilers:Display: Using Local Shader Compiler.
[2017.03.15-11.20.13:716][  0]LogTemp:Display: Loaded TP AllDesktopTargetPlatform
[2017.03.15-11.20.13:756][  0]LogTemp:Display: Loaded TP MacClientTargetPlatform
[2017.03.15-11.20.13:795][  0]LogTemp:Display: Loaded TP MacNoEditorTargetPlatform
[2017.03.15-11.20.13:835][  0]LogTemp:Display: Loaded TP MacServerTargetPlatform
[2017.03.15-11.20.13:874][  0]LogTemp:Display: Loaded TP MacTargetPlatform
[2017.03.15-11.20.13:914][  0]LogTemp:Display: Loaded TP WindowsClientTargetPlatform
[2017.03.15-11.20.13:955][  0]LogTemp:Display: Loaded TP WindowsNoEditorTargetPlatform
[2017.03.15-11.20.13:995][  0]LogTemp:Display: Loaded TP WindowsServerTargetPlatform
[2017.03.15-11.20.14:028][  0]LogTemp:Display: Loaded TP WindowsTargetPlatform
[2017.03.15-11.20.14:066][  0]LogTemp:Display: Loaded TP AndroidTargetPlatform
[2017.03.15-11.20.14:106][  0]LogTemp:Display: Loaded TP Android_ASTCTargetPlatform
[2017.03.15-11.20.14:146][  0]LogTemp:Display: Loaded TP Android_ATCTargetPlatform
[2017.03.15-11.20.14:185][  0]LogTemp:Display: Loaded TP Android_DXTTargetPlatform
[2017.03.15-11.20.14:224][  0]LogTemp:Display: Loaded TP Android_ETC1TargetPlatform
[2017.03.15-11.20.14:264][  0]LogTemp:Display: Loaded TP Android_ETC2TargetPlatform
[2017.03.15-11.20.14:342][  0]LogTemp:Display: Loaded TP Android_MultiTargetPlatform
[2017.03.15-11.20.14:342][  0]LogTemp:Display: Loaded TP Android_PVRTCTargetPlatform
[2017.03.15-11.20.14:369][  0]LogTemp:Display: Loaded TP HTML5TargetPlatform
[2017.03.15-11.20.14:444][  0]LogTemp:Display: Loaded TP IOSTargetPlatform
[2017.03.15-11.20.14:471][  0]LogTemp:Display: Loaded TP TVOSTargetPlatform
[2017.03.15-11.20.14:510][  0]LogTemp:Display: Loaded TP LinuxClientTargetPlatform
[2017.03.15-11.20.14:548][  0]LogTemp:Display: Loaded TP LinuxNoEditorTargetPlatform
[2017.03.15-11.20.14:588][  0]LogTemp:Display: Loaded TP LinuxServerTargetPlatform
[2017.03.15-11.20.14:627][  0]LogTemp:Display: Loaded TP LinuxTargetPlatform
[2017.03.15-11.20.14:627][  0]LogTargetPlatformManager:Display: Building Assets For Windows
[2017.03.15-11.20.14:928][  0]LogDerivedDataCache:Display: Max Cache Size: 512 MB
[2017.03.15-11.20.14:964][  0]LogDerivedDataCache: Loaded boot cache 0.04s 50MB C:/Users/michael.karlsson/AppData/Local/UnrealEngine/4.15/DerivedDataCache/Boot.ddc.
[2017.03.15-11.20.14:964][  0]LogDerivedDataCache:Display: Loaded Boot cache: C:/Users/michael.karlsson/AppData/Local/UnrealEngine/4.15/DerivedDataCache/Boot.ddc
[2017.03.15-11.20.14:964][  0]LogDerivedDataCache: FDerivedDataBackendGraph:  Pak pak cache file ../../../../../../Users/michael.karlsson/Documents/GitHub/Hugis/Hugis_project/DerivedDataCache/DDC.ddp not found, will not use a pak cache.
[2017.03.15-11.20.14:964][  0]LogDerivedDataCache: Unable to find inner node Pak for hierarchical cache Hierarchy.
[2017.03.15-11.20.14:964][  0]LogDerivedDataCache: FDerivedDataBackendGraph:  CompressedPak pak cache file ../../../../../../Users/michael.karlsson/Documents/GitHub/Hugis/Hugis_project/DerivedDataCache/Compressed.ddp not found, will not use a pak cache.
[2017.03.15-11.20.14:964][  0]LogDerivedDataCache: Unable to find inner node CompressedPak for hierarchical cache Hierarchy.
[2017.03.15-11.20.14:979][  0]LogDerivedDataCache:Display: Pak cache opened for reading ../../../Engine/DerivedDataCache/Compressed.ddp.
[2017.03.15-11.20.14:991][  0]LogDerivedDataCache: Using Local data cache path C:/Users/michael.karlsson/AppData/Local/UnrealEngine/Common/DerivedDataCache: Writable
[2017.03.15-11.20.14:997][  0]LogSlate: Using Freetype 2.6.0
[2017.03.15-11.20.14:997][  0]LogSlate: SlateFontCache - WITH_FREETYPE: 1, WITH_HARFBUZZ: 1
[2017.03.15-11.20.14:997][  0]LogSlate: SlateFontCache - WITH_FREETYPE: 1, WITH_HARFBUZZ: 1
[2017.03.15-11.20.15:176][  0]LogInit: Selected Device Profile: [Windows]
[2017.03.15-11.20.15:178][  0]LogContentStreaming: Texture pool size is 0.00 MB
[2017.03.15-11.20.15:327][  0]LogMeshUtilities: Using QuadricMeshReduction for automatic static mesh reduction
[2017.03.15-11.20.15:356][  0]LogSimplygon: Simplygon DLL not present - disabling.
[2017.03.15-11.20.15:387][  0]LogMeshUtilities: Using SimplygonSwarm for distributed automatic mesh merging
[2017.03.15-11.20.15:387][  0]LogMeshUtilities: No automatic skeletal mesh reduction module available
[2017.03.15-11.20.15:387][  0]LogMeshUtilities: No automatic mesh merging module available
[2017.03.15-11.20.15:762][  0]LogNetVersion: GetLocalNetworkVersion: CL: 3299760, ProjectName: hugis_project, ProjectVersion: , EngineNetworkVersion: 2, GameNetworkVersion: 0, NetworkChecksum: 2766890005
[2017.03.15-11.20.15:801][  0]LogAssetRegistry: FAssetRegistry took 0.0221 seconds to start up
[2017.03.15-11.20.15:838][  0]LogPackageLocalizationCache: Processed 3 localized package path(s) for 2 prioritized culture(s) in 0.020530 seconds
[2017.03.15-11.20.15:842][  0]LogUObjectArray: 32475 objects as part of root set at end of initial load.
[2017.03.15-11.20.15:842][  0]LogUObjectAllocator: 7073360 out of 0 bytes used by permanent object pool.
[2017.03.15-11.20.15:842][  0]LogUObjectArray: CloseDisregardForGC: 0/0 objects in disregard for GC pool
[2017.03.15-11.20.15:888][  0]LogInit: WinSock: version 1.1 (2.2), MaxSocks=32767, MaxUdp=65467
[2017.03.15-11.20.17:053][  0]LogTcpMessaging: Initializing TcpMessaging bridge
[2017.03.15-11.20.17:083][  0]LogUdpMessaging: Initializing bridge on interface 0.0.0.0:0 to multicast group 230.0.0.1:6666.
[2017.03.15-11.20.17:409][  0]LogMaterial: Uniform references updated for custom material expression Custom.
[2017.03.15-11.20.17:663][  0]SourceControl: Info Source control is disabled
[2017.03.15-11.20.17:663][  0]SourceControl: Info Source control is disabled
[2017.03.15-11.20.17:694][  0]SourceControl: Info Source control is disabled
[2017.03.15-11.20.17:724][  0]SourceControl: Info Source control is disabled
[2017.03.15-11.20.18:553][  0]LogEngine: Initializing Engine...
[2017.03.15-11.20.18:554][  0]LogHMD: Failed to initialize OpenVR with code 110
[2017.03.15-11.20.18:718][  0]LogAIModule: Creating AISystem for world Untitled
[2017.03.15-11.20.18:724][  0]LogInit: XAudio2 using 'Speakers (Realtek High Definition Audio)' : 2 channels at 48 kHz using 32 bits per sample (channel mask 0x3)
[2017.03.15-11.20.18:745][  0]LogInit: FAudioDevice initialized.
[2017.03.15-11.20.18:763][  0]LogDerivedDataCache: Saved boot cache 0.02s 50MB C:/Users/michael.karlsson/AppData/Local/UnrealEngine/4.15/DerivedDataCache/Boot.ddc.
[2017.03.15-11.20.18:767][  0]LogInit: Texture streaming: Enabled
[2017.03.15-11.20.18:835][  0]LogEngineSessionManager: EngineSessionManager initialized
[2017.03.15-11.20.18:894][  0]LogInit: Transaction tracking system initialized
[2017.03.15-11.20.19:131][  0]BlueprintLog: New page: Editor Load
[2017.03.15-11.20.19:735][  0]LocalizationService: Info Localization service is disabled
[2017.03.15-11.20.20:211][  0]LogConsoleResponse:Display: 
[2017.03.15-11.20.20:307][  0]LogCook:Display: Max memory allowance for cook 16384mb min free memory 0mb
[2017.03.15-11.20.20:307][  0]LogCook:Display: Mobile HDR setting 1
[2017.03.15-11.20.20:614][  0]LogFileCache: Scanning file cache for directory 'C:/Users/michael.karlsson/Documents/GitHub/Hugis/Hugis_project/Content/' took 0.01s
[2017.03.15-11.20.21:002][  0]SourceControl: Info Source control is disabled
[2017.03.15-11.20.21:002][  0]Cmd: MAP LOAD FILE="../../../../../../Users/michael.karlsson/Documents/GitHub/Hugis/Hugis_project/Content/ThirdPersonBP/Maps/ThirdPersonExampleMap.umap" TEMPLATE=0 SHOWPROGRESS=1 FEATURELEVEL=3
[2017.03.15-11.20.21:002][  0]LogEditorServer:Warning: Can't find file '../../../../../../Users/michael.karlsson/Documents/GitHub/Hugis/Hugis_project/Content/ThirdPersonBP/Maps/ThirdPersonExampleMap.umap'
[2017.03.15-11.20.21:003][  0]Cmd: MAP CHECKDEP NOCLEARLOG
[2017.03.15-11.20.21:027][  0]MapCheck: Info Map check complete: 0 Error(s), 0 Warning(s), took 24.344ms to complete.
[2017.03.15-11.20.21:027][  0]LogFileHelpers: Loading map 'ThirdPersonExampleMap' took 0.025
[2017.03.15-11.20.21:073][  0]LogWindowsTextInputMethodSystem:Display: IME system now deactivated.
[2017.03.15-11.20.21:161][  0]LogCollectionManager: Loaded 0 collections in 0.000969 seconds
[2017.03.15-11.20.21:226][  0]LogFileCache: Scanning file cache for directory 'C:/Users/michael.karlsson/Documents/GitHub/Hugis/Hugis_project/Saved/Collections/' took 0.01s
[2017.03.15-11.20.21:226][  0]LogFileCache: Scanning file cache for directory 'C:/Users/michael.karlsson/Documents/GitHub/Hugis/Hugis_project/Content/Developers/michaelkarlsson/Collections/' took 0.01s
[2017.03.15-11.20.21:226][  0]LogFileCache: Scanning file cache for directory 'C:/Users/michael.karlsson/Documents/GitHub/Hugis/Hugis_project/Content/Collections/' took 0.01s
[2017.03.15-11.20.21:226][  0]LogCollectionManager: Rebuilt the GUID cache for 0 collections in 0.000001 seconds
[2017.03.15-11.20.21:233][  0]LogContentBrowser: Native class hierarchy populated in 0.0067 seconds. Added 2244 classes and 450 folders.
[2017.03.15-11.20.21:236][  0]LogStats: UGameplayTagsManager::ConstructGameplayTagTree: Construct from data asset -  0.000 s
[2017.03.15-11.20.21:236][  0]LogStats: UGameplayTagsManager::ConstructGameplayTagTree: GameplayTagTreeChangedEvent.Broadcast -  0.000 s
[2017.03.15-11.20.21:280][  0]LogContentBrowser: Native class hierarchy updated for 'WidgetCarousel' in 0.0004 seconds. Added 0 classes and 0 folders.
[2017.03.15-11.20.21:304][  0]LogContentBrowser: Native class hierarchy updated for 'AddContentDialog' in 0.0005 seconds. Added 0 classes and 0 folders.
[2017.03.15-11.20.21:334][  0]LogContentBrowser: Native class hierarchy updated for 'SceneOutliner' in 0.0004 seconds. Added 1 classes and 2 folders.
[2017.03.15-11.20.21:370][  0]LogCrashTracker: Crashtracker disabled due to settings.
[2017.03.15-11.20.21:446][  0]LogContentBrowser: Native class hierarchy updated for 'HierarchicalLODOutliner' in 0.0004 seconds. Added 1 classes and 2 folders.
[2017.03.15-11.20.21:447][  0]LogLoad: (Engine Initialization) Total time: 10.36 seconds
[2017.03.15-11.20.21:447][  0]LogLoad: (Engine Initialization) Total Blueprint compile time: 0.03 seconds
[2017.03.15-11.20.21:447][  0]LogExternalProfiler: Found external profiler: VSPerf
[2017.03.15-11.20.21:447][  0]LogExternalProfiler: Using external profiler: VSPerf
[2017.03.15-11.20.21:456][  0]LogOcInput: OculusInput pre-init called
[2017.03.15-11.20.21:476][  0]LogContentStreaming: Texture pool size now 1000 MB
[2017.03.15-11.20.21:477][  0]LogSlate: Took 0.000139 seconds to synchronously load lazily loaded font '../../../Engine/Content/Slate/Fonts/Roboto-Regular.ttf' (155K)
[2017.03.15-11.20.21:480][  0]LogSlate: Took 0.000209 seconds to synchronously load lazily loaded font '../../../Engine/Content/Slate/Fonts/Roboto-Bold.ttf' (160K)
[2017.03.15-11.20.21:485][  0]LogSlate: Took 0.000168 seconds to synchronously load lazily loaded font '../../../Engine/Content/Editor/Slate/Fonts/FontAwesome.ttf' (139K)
[2017.03.15-11.20.21:618][  0]LogRenderer: Reallocating scene render targets to support 1616x808 NumSamples 1 (Frame:2).
[2017.03.15-11.20.21:668][  1]LogAssetRegistry: Asset discovery search completed in 5.8886 seconds
[2017.03.15-11.20.21:668][  1]LogCollectionManager: Rebuilt the object cache for 0 collections in 0.000003 seconds (found 0 objects)
[2017.03.15-11.20.21:668][  1]LogCollectionManager: Fixed up redirectors for 0 collections in 0.000014 seconds (updated 0 objects)
[2017.03.15-11.20.22:482][ 94]LogSlate: Took 0.006119 seconds to synchronously load lazily loaded font '../../../Engine/Content/Slate/Fonts/Roboto-Light.ttf' (159K)
[2017.03.15-11.20.55:457][ 16]LogSlate: Took 0.000141 seconds to synchronously load lazily loaded font '../../../Engine/Content/Slate/Fonts/Roboto-Light.ttf' (159K)
[2017.03.15-11.21.00:423][611]Cmd: MAP LOAD FILE="../../../../../../Users/michael.karlsson/Documents/GitHub/Hugis/Hugis_project/Content/ThirdPersonBP/Maps/TestiLeveli.umap" TEMPLATE=0 SHOWPROGRESS=1 FEATURELEVEL=3
[2017.03.15-11.21.00:428][611]LogSlate: Took 0.000113 seconds to synchronously load lazily loaded font '../../../Engine/Content/Slate/Fonts/Roboto-Light.ttf' (159K)
[2017.03.15-11.21.00:449][611]LightingResults: New page: Lighting Build
[2017.03.15-11.21.00:478][611]LogContentBrowser: Native class hierarchy updated for 'StatsViewer' in 0.0004 seconds. Added 5 classes and 0 folders.
[2017.03.15-11.21.00:479][611]LoadErrors: New page: Loading map: TestiLeveli.umap
[2017.03.15-11.21.00:480][611]MapCheck: New page: Map Check
[2017.03.15-11.21.00:480][611]LightingResults: New page: Lighting Build
[2017.03.15-11.21.00:819][611]LogAIModule: Creating AISystem for world TestiLeveli
[2017.03.15-11.21.00:832][611]LogEditorServer: Finished looking for orphan Actors (0.000 secs)
[2017.03.15-11.21.00:854][611]Cmd: MAP CHECKDEP NOCLEARLOG
[2017.03.15-11.21.00:884][611]MapCheck: Info Map check complete: 0 Error(s), 0 Warning(s), took 30.755ms to complete.
[2017.03.15-11.21.00:884][611]LogFileHelpers: Loading map 'TestiLeveli' took 0.462
[2017.03.15-11.21.03:287][813]LogActorFactory: Actor Factory created Cube
[2017.03.15-11.21.03:773][869]LogActorFactory: Actor Factory created Cube
[2017.03.15-11.21.05:549][ 57]LogEditorViewport: Clicking on Actor (LMB): StaticMeshActor (Floor)
[2017.03.15-11.21.06:232][128]LogEditorViewport: Clicking on Actor (LMB): StaticMeshActor (Cube)
[2017.03.15-11.21.15:062][961]LogEditorViewport: Clicking on Actor (LMB): StaticMeshActor (Floor)
[2017.03.15-11.21.18:326][305]LogSavePackage: Save=183.43ms
[2017.03.15-11.21.18:326][305]LogSavePackage: Moving '../../../../../../Users/michael.karlsson/Documents/GitHub/Hugis/Hugis_project/Saved/TestiLeveliF14520214A1E2295B88227978B9C1E48.tmp' to '../../../../../../Users/michael.karlsson/Documents/GitHub/Hugis/Hugis_project/Content/ThirdPersonBP/Maps/TestiLeveli.umap'
[2017.03.15-11.21.18:331][305]LogSavePackage:Display: Finished SavePackage ../../../../../../Users/michael.karlsson/Documents/GitHub/Hugis/Hugis_project/Content/ThirdPersonBP/Maps/TestiLeveli.umap
[2017.03.15-11.21.18:356][305]LogFileHelpers: Saving map 'TestiLeveli' took 0.258
