Log file open, 03/08/17 11:41:31
LogInit:Display: Running engine for game: Hugis_project
LogPlatformFile: Not using cached read wrapper
LogInit:Display: RandInit(-49114783) SRandInit(-49114783).
LogTaskGraph: Started task graph with 5 named threads and 8 total threads with 1 sets of task threads.
LogStats: Stats thread started at 0.074511
LogInit: Using libcurl 7.47.1
LogInit:  - built for x86_64-pc-win32
LogInit:  - supports SSL with OpenSSL/1.0.2g
LogInit:  - supports HTTP deflate (compression) using libz 1.2.8
LogInit:  - other features:
LogInit:      CURL_VERSION_SSL
LogInit:      CURL_VERSION_LIBZ
LogInit:      CURL_VERSION_IPV6
LogInit:      CURL_VERSION_ASYNCHDNS
LogInit:      CURL_VERSION_LARGEFILE
LogInit:      CURL_VERSION_IDN
LogInit:  CurlRequestOptions (configurable via config and command line):
LogInit:  - bVerifyPeer = false  - Libcurl will NOT verify peer certificate
LogInit:  - bUseHttpProxy = false  - Libcurl will NOT use HTTP proxy
LogInit:  - bDontReuseConnections = false  - Libcurl will reuse connections
LogInit:  - CertBundlePath = nullptr  - Libcurl will use whatever was configured at build time.
LogInit: Build: ++UE4+Release-4.15-CL-3299760
LogInit: Engine Version: 4.15.0-3299760+++UE4+Release-4.15
LogInit: Compatible Engine Version: 4.15.0-3299760+++UE4+Release-4.15
LogInit: Net CL: 3299760
LogDevObjectVersion: Number of dev versions registered: 14
LogDevObjectVersion:   Dev-Blueprints (B0D832E4-1F89-4F0D-ACCF-7EB736FD4AA2): 8
LogDevObjectVersion:   Dev-Build (E1C64328-A22C-4D53-A36C-8E866417BD8C): 0
LogDevObjectVersion:   Dev-Core (375EC13C-06E4-48FB-B500-84F0262A717E): 2
LogDevObjectVersion:   Dev-Editor (E4B068ED-F494-42E9-A231-DA0B2E46BB41): 14
LogDevObjectVersion:   Dev-Framework (CFFC743F-43B0-4480-9391-14DF171D2073): 22
LogDevObjectVersion:   Dev-Mobile (B02B49B5-BB20-44E9-A304-32B752E40360): 0
LogDevObjectVersion:   Dev-Networking (A4E4105C-59A1-49B5-A7C5-40C4547EDFEE): 0
LogDevObjectVersion:   Dev-Online (39C831C9-5AE6-47DC-9A44-9C173E1C8E7C): 0
LogDevObjectVersion:   Dev-Physics (78F01B33-EBEA-4F98-B9B4-84EACCB95AA2): 0
LogDevObjectVersion:   Dev-Platform (6631380F-2D4D-43E0-8009-CF276956A95A): 0
LogDevObjectVersion:   Dev-Rendering (12F88B9F-8875-4AFC-A67C-D90C383ABD29): 12
LogDevObjectVersion:   Dev-Sequencer (7B5AE74C-D270-4C10-A958-57980B212A5A): 3
LogDevObjectVersion:   Dev-VR (D7296918-1DD6-4BDD-9DE2-64A83CC13884): 0
LogDevObjectVersion:   Dev-LoadTimes (C2A15278-BFE7-4AFE-6C17-90FF531DF755): 1
LogInit: Compiled (64-bit): Feb 14 2017 02:04:14
LogInit: Compiled with Visual C++: 19.00.23026.00
LogInit: Build Configuration: Development
LogInit: Branch Name: ++UE4+Release-4.15
LogInit: Command line:  
LogInit: Base directory: C:/Program Files/Epic Games/UE_4.15/Engine/Binaries/Win64/
LogInit: Installed Engine Build: 1
LogInit: Presizing for max 8388607 objects, including 0 objects not considered by GC, pre-allocating 0 bytes for permanent pool.
LogInit: Object subsystem initialized
[2017.03.08-09.41.32:048][  0]LogInit: Selected Device Profile: [Windows]
[2017.03.08-09.41.32:048][  0]LogInit: Applying CVar settings loaded from the selected device profile: [Windows]
[2017.03.08-09.41.32:058][  0]LogInit: Computer: C3008-10
[2017.03.08-09.41.32:058][  0]LogInit: User: michaelkarlsson
[2017.03.08-09.41.32:058][  0]LogInit: CPU Page size=65536, Cores=4
[2017.03.08-09.41.32:058][  0]LogInit: High frequency timer resolution =3.328121 MHz
[2017.03.08-09.41.32:058][  0]LogMemory: Memory total: Physical=15.9GB (16GB approx)
[2017.03.08-09.41.32:058][  0]LogMemory: Platform Memory Stats for Windows
[2017.03.08-09.41.32:058][  0]LogMemory: Process Physical Memory: 262.95 MB used, 262.95 MB peak
[2017.03.08-09.41.32:058][  0]LogMemory: Process Virtual Memory: 262.52 MB used, 262.52 MB peak
[2017.03.08-09.41.32:058][  0]LogMemory: Physical Memory: 4333.39 MB used,  11931.20 MB free, 16264.59 MB total
[2017.03.08-09.41.32:058][  0]LogMemory: Virtual Memory: 645.25 MB used,  11931.20 MB free, 134217728.00 MB total
[2017.03.08-09.41.32:121][  0]LogTextLocalizationManager: No specific translations for ('en-US') exist, so ('en') translations will be used.
[2017.03.08-09.41.32:603][  0]LogD3D11RHI: D3D11 adapters:
[2017.03.08-09.41.32:622][  0]LogD3D11RHI:    0. 'NVIDIA GeForce GTX 960' (Feature Level 11_0)
[2017.03.08-09.41.32:622][  0]LogD3D11RHI:       1969/0/8132 MB DedicatedVideo/DedicatedSystem/SharedSystem, Outputs:1, VendorId:0x10de
[2017.03.08-09.41.32:627][  0]LogD3D11RHI:    1. 'Intel(R) HD Graphics 530' (Feature Level 11_0)
[2017.03.08-09.41.32:627][  0]LogD3D11RHI:       128/0/8132 MB DedicatedVideo/DedicatedSystem/SharedSystem, Outputs:0, VendorId:0x8086
[2017.03.08-09.41.32:628][  0]LogD3D11RHI:    2. 'Microsoft Basic Render Driver' (Feature Level 11_0)
[2017.03.08-09.41.32:628][  0]LogD3D11RHI:       0/0/8132 MB DedicatedVideo/DedicatedSystem/SharedSystem, Outputs:0, VendorId:0x1414
[2017.03.08-09.41.32:628][  0]LogD3D11RHI: Chosen D3D11 Adapter: 0
[2017.03.08-09.41.32:631][  0]LogD3D11RHI: Creating new Direct3DDevice
[2017.03.08-09.41.32:631][  0]LogD3D11RHI:     GPU DeviceId: 0x1401 (for the marketing name, search the web for "GPU Device Id")
[2017.03.08-09.41.32:631][  0]LogWindows: EnumDisplayDevices:
[2017.03.08-09.41.32:631][  0]LogWindows:    0. 'NVIDIA GeForce GTX 960' (P:1 D:1)
[2017.03.08-09.41.32:631][  0]LogWindows:    1. 'NVIDIA GeForce GTX 960' (P:0 D:0)
[2017.03.08-09.41.32:631][  0]LogWindows:    2. 'NVIDIA GeForce GTX 960' (P:0 D:0)
[2017.03.08-09.41.32:631][  0]LogWindows:    3. 'NVIDIA GeForce GTX 960' (P:0 D:0)
[2017.03.08-09.41.32:631][  0]LogWindows:    4. 'Intel(R) HD Graphics 530' (P:0 D:0)
[2017.03.08-09.41.32:631][  0]LogWindows:    5. 'Intel(R) HD Graphics 530' (P:0 D:0)
[2017.03.08-09.41.32:631][  0]LogWindows:    6. 'Intel(R) HD Graphics 530' (P:0 D:0)
[2017.03.08-09.41.32:631][  0]LogWindows: DebugString: PrimaryIsNotTheChoosenAdapter PrimaryIsNotTheChoosenAdapter PrimaryIsNotTheChoosenAdapter PrimaryIsNotTheChoosenAdapter PrimaryIsNotTheChoosenAdapter PrimaryIsNotTheChoosenAdapter PrimaryIsNotTheChoosenAdapter FoundDriverCount:0 
[2017.03.08-09.41.32:631][  0]LogD3D11RHI:     Adapter Name: NVIDIA GeForce GTX 960
[2017.03.08-09.41.32:631][  0]LogD3D11RHI:   Driver Version: Unknown (internal:Unknown, unified:Unknown)
[2017.03.08-09.41.32:631][  0]LogD3D11RHI:      Driver Date: Unknown
[2017.03.08-09.41.32:631][  0]LogRHI: Texture pool is 1361 MB (70% of 1945 MB)
[2017.03.08-09.41.32:642][  0]LogD3D11RHI: NvAPI_D3D_GetCurrentSLIState failed: 0xfffffff7
[2017.03.08-09.41.32:642][  0]LogD3D11RHI: Async texture creation enabled
[2017.03.08-09.41.32:654][  0]LogD3D11RHI: GPU Timing Frequency: 1000.000000 (Debug: 2 1)
[2017.03.08-09.41.32:655][  0]LogShaderCompilers: Guid format shader working directory is -20 characters bigger than the processId version (../../../../../../Users/michael.karlsson/Documents/GitHub/Hugis/Hugis_project/Intermediate/Shaders/WorkingDirectory/6000/).
[2017.03.08-09.41.32:655][  0]LogShaderCompilers: Cleaned the shader compiler working directory 'C:/Users/michael.karlsson/AppData/Local/Temp/UnrealShaderWorkingDir/093A5472484DBC63ED28ACA58F96504B/'.
[2017.03.08-09.41.32:655][  0]LogShaderCompilers:Display: Using Local Shader Compiler.
[2017.03.08-09.41.33:360][  0]LogTemp:Display: Loaded TP AllDesktopTargetPlatform
[2017.03.08-09.41.33:402][  0]LogTemp:Display: Loaded TP MacClientTargetPlatform
[2017.03.08-09.41.33:443][  0]LogTemp:Display: Loaded TP MacNoEditorTargetPlatform
[2017.03.08-09.41.33:485][  0]LogTemp:Display: Loaded TP MacServerTargetPlatform
[2017.03.08-09.41.33:526][  0]LogTemp:Display: Loaded TP MacTargetPlatform
[2017.03.08-09.41.33:568][  0]LogTemp:Display: Loaded TP WindowsClientTargetPlatform
[2017.03.08-09.41.33:609][  0]LogTemp:Display: Loaded TP WindowsNoEditorTargetPlatform
[2017.03.08-09.41.33:651][  0]LogTemp:Display: Loaded TP WindowsServerTargetPlatform
[2017.03.08-09.41.33:683][  0]LogTemp:Display: Loaded TP WindowsTargetPlatform
[2017.03.08-09.41.33:723][  0]LogTemp:Display: Loaded TP AndroidTargetPlatform
[2017.03.08-09.41.33:764][  0]LogTemp:Display: Loaded TP Android_ASTCTargetPlatform
[2017.03.08-09.41.33:804][  0]LogTemp:Display: Loaded TP Android_ATCTargetPlatform
[2017.03.08-09.41.33:844][  0]LogTemp:Display: Loaded TP Android_DXTTargetPlatform
[2017.03.08-09.41.33:884][  0]LogTemp:Display: Loaded TP Android_ETC1TargetPlatform
[2017.03.08-09.41.33:926][  0]LogTemp:Display: Loaded TP Android_ETC2TargetPlatform
[2017.03.08-09.41.34:005][  0]LogTemp:Display: Loaded TP Android_MultiTargetPlatform
[2017.03.08-09.41.34:005][  0]LogTemp:Display: Loaded TP Android_PVRTCTargetPlatform
[2017.03.08-09.41.34:032][  0]LogTemp:Display: Loaded TP HTML5TargetPlatform
[2017.03.08-09.41.34:109][  0]LogTemp:Display: Loaded TP IOSTargetPlatform
[2017.03.08-09.41.34:136][  0]LogTemp:Display: Loaded TP TVOSTargetPlatform
[2017.03.08-09.41.34:175][  0]LogTemp:Display: Loaded TP LinuxClientTargetPlatform
[2017.03.08-09.41.34:216][  0]LogTemp:Display: Loaded TP LinuxNoEditorTargetPlatform
[2017.03.08-09.41.34:257][  0]LogTemp:Display: Loaded TP LinuxServerTargetPlatform
[2017.03.08-09.41.34:297][  0]LogTemp:Display: Loaded TP LinuxTargetPlatform
[2017.03.08-09.41.34:297][  0]LogTargetPlatformManager:Display: Building Assets For Windows
[2017.03.08-09.41.34:611][  0]LogDerivedDataCache:Display: Max Cache Size: 512 MB
[2017.03.08-09.41.34:656][  0]LogDerivedDataCache: Loaded boot cache 0.05s 50MB C:/Users/michael.karlsson/AppData/Local/UnrealEngine/4.15/DerivedDataCache/Boot.ddc.
[2017.03.08-09.41.34:656][  0]LogDerivedDataCache:Display: Loaded Boot cache: C:/Users/michael.karlsson/AppData/Local/UnrealEngine/4.15/DerivedDataCache/Boot.ddc
[2017.03.08-09.41.34:656][  0]LogDerivedDataCache: FDerivedDataBackendGraph:  Pak pak cache file ../../../../../../Users/michael.karlsson/Documents/GitHub/Hugis/Hugis_project/DerivedDataCache/DDC.ddp not found, will not use a pak cache.
[2017.03.08-09.41.34:656][  0]LogDerivedDataCache: Unable to find inner node Pak for hierarchical cache Hierarchy.
[2017.03.08-09.41.34:656][  0]LogDerivedDataCache: FDerivedDataBackendGraph:  CompressedPak pak cache file ../../../../../../Users/michael.karlsson/Documents/GitHub/Hugis/Hugis_project/DerivedDataCache/Compressed.ddp not found, will not use a pak cache.
[2017.03.08-09.41.34:656][  0]LogDerivedDataCache: Unable to find inner node CompressedPak for hierarchical cache Hierarchy.
[2017.03.08-09.41.34:673][  0]LogDerivedDataCache:Display: Pak cache opened for reading ../../../Engine/DerivedDataCache/Compressed.ddp.
[2017.03.08-09.41.34:684][  0]LogDerivedDataCache: Using Local data cache path C:/Users/michael.karlsson/AppData/Local/UnrealEngine/Common/DerivedDataCache: Writable
[2017.03.08-09.41.34:690][  0]LogSlate: Using Freetype 2.6.0
[2017.03.08-09.41.34:691][  0]LogSlate: SlateFontCache - WITH_FREETYPE: 1, WITH_HARFBUZZ: 1
[2017.03.08-09.41.34:691][  0]LogSlate: SlateFontCache - WITH_FREETYPE: 1, WITH_HARFBUZZ: 1
[2017.03.08-09.41.34:879][  0]LogInit: Selected Device Profile: [Windows]
[2017.03.08-09.41.34:881][  0]LogContentStreaming: Texture pool size is 0.00 MB
[2017.03.08-09.41.35:036][  0]LogMeshUtilities: Using QuadricMeshReduction for automatic static mesh reduction
[2017.03.08-09.41.35:066][  0]LogSimplygon: Simplygon DLL not present - disabling.
[2017.03.08-09.41.35:098][  0]LogMeshUtilities: Using SimplygonSwarm for distributed automatic mesh merging
[2017.03.08-09.41.35:098][  0]LogMeshUtilities: No automatic skeletal mesh reduction module available
[2017.03.08-09.41.35:098][  0]LogMeshUtilities: No automatic mesh merging module available
[2017.03.08-09.41.35:490][  0]LogNetVersion: GetLocalNetworkVersion: CL: 3299760, ProjectName: hugis_project, ProjectVersion: , EngineNetworkVersion: 2, GameNetworkVersion: 0, NetworkChecksum: 2766890005
[2017.03.08-09.41.35:530][  0]LogAssetRegistry: FAssetRegistry took 0.0223 seconds to start up
[2017.03.08-09.41.35:569][  0]LogPackageLocalizationCache: Processed 3 localized package path(s) for 2 prioritized culture(s) in 0.022764 seconds
[2017.03.08-09.41.35:573][  0]LogUObjectArray: 32475 objects as part of root set at end of initial load.
[2017.03.08-09.41.35:573][  0]LogUObjectAllocator: 7073368 out of 0 bytes used by permanent object pool.
[2017.03.08-09.41.35:573][  0]LogUObjectArray: CloseDisregardForGC: 0/0 objects in disregard for GC pool
[2017.03.08-09.41.35:620][  0]LogInit: WinSock: version 1.1 (2.2), MaxSocks=32767, MaxUdp=65467
[2017.03.08-09.41.36:784][  0]LogTcpMessaging: Initializing TcpMessaging bridge
[2017.03.08-09.41.36:815][  0]LogUdpMessaging: Initializing bridge on interface 0.0.0.0:0 to multicast group 230.0.0.1:6666.
[2017.03.08-09.41.37:158][  0]LogMaterial: Uniform references updated for custom material expression Custom.
[2017.03.08-09.41.37:437][  0]SourceControl: Info Source control is disabled
[2017.03.08-09.41.37:438][  0]SourceControl: Info Source control is disabled
[2017.03.08-09.41.37:474][  0]SourceControl: Info Source control is disabled
[2017.03.08-09.41.37:507][  0]SourceControl: Info Source control is disabled
[2017.03.08-09.41.38:373][  0]LogEngine: Initializing Engine...
[2017.03.08-09.41.38:374][  0]LogHMD: Failed to initialize OpenVR with code 110
[2017.03.08-09.41.38:547][  0]LogAIModule: Creating AISystem for world Untitled
[2017.03.08-09.41.38:553][  0]LogInit: XAudio2 using 'Speakers (Realtek High Definition Audio)' : 2 channels at 48 kHz using 32 bits per sample (channel mask 0x3)
[2017.03.08-09.41.38:574][  0]LogInit: FAudioDevice initialized.
[2017.03.08-09.41.38:593][  0]LogDerivedDataCache: Saved boot cache 0.02s 50MB C:/Users/michael.karlsson/AppData/Local/UnrealEngine/4.15/DerivedDataCache/Boot.ddc.
[2017.03.08-09.41.38:600][  0]LogInit: Texture streaming: Enabled
[2017.03.08-09.41.38:671][  0]LogEngineSessionManager: EngineSessionManager initialized
[2017.03.08-09.41.38:737][  0]LogInit: Transaction tracking system initialized
[2017.03.08-09.41.38:996][  0]BlueprintLog: New page: Editor Load
[2017.03.08-09.41.39:659][  0]LocalizationService: Info Localization service is disabled
[2017.03.08-09.41.40:149][  0]LogConsoleResponse:Display: 
[2017.03.08-09.41.40:259][  0]LogCook:Display: Max memory allowance for cook 16384mb min free memory 0mb
[2017.03.08-09.41.40:259][  0]LogCook:Display: Mobile HDR setting 1
[2017.03.08-09.41.40:502][  0]LogFileCache: Scanning file cache for directory 'C:/Users/michael.karlsson/Documents/GitHub/Hugis/Hugis_project/Content/' took 0.01s
[2017.03.08-09.41.40:990][  0]SourceControl: Info Source control is disabled
[2017.03.08-09.41.40:990][  0]Cmd: MAP LOAD FILE="../../../../../../Users/michael.karlsson/Documents/GitHub/Hugis/Hugis_project/Content/ThirdPersonBP/Maps/ThirdPersonExampleMap.umap" TEMPLATE=0 SHOWPROGRESS=1 FEATURELEVEL=3
[2017.03.08-09.41.40:991][  0]LightingResults: New page: Lighting Build
[2017.03.08-09.41.41:020][  0]MapCheck: New page: Map Check
[2017.03.08-09.41.41:020][  0]LightingResults: New page: Lighting Build
[2017.03.08-09.41.41:330][  0]LogAIModule: Creating AISystem for world ThirdPersonExampleMap
[2017.03.08-09.41.41:338][  0]LogEditorServer: Finished looking for orphan Actors (0.000 secs)
[2017.03.08-09.41.41:339][  0]Cmd: MAP CHECKDEP NOCLEARLOG
[2017.03.08-09.41.41:371][  0]MapCheck: Info Map check complete: 0 Error(s), 0 Warning(s), took 32.321ms to complete.
[2017.03.08-09.41.41:371][  0]LogFileHelpers: Loading map 'ThirdPersonExampleMap' took 0.381
[2017.03.08-09.41.41:419][  0]LogWindowsTextInputMethodSystem:Display: IME system now deactivated.
[2017.03.08-09.41.41:509][  0]LogCollectionManager: Loaded 0 collections in 0.001379 seconds
[2017.03.08-09.41.41:577][  0]LogFileCache: Scanning file cache for directory 'C:/Users/michael.karlsson/Documents/GitHub/Hugis/Hugis_project/Saved/Collections/' took 0.01s
[2017.03.08-09.41.41:577][  0]LogFileCache: Scanning file cache for directory 'C:/Users/michael.karlsson/Documents/GitHub/Hugis/Hugis_project/Content/Developers/michaelkarlsson/Collections/' took 0.01s
[2017.03.08-09.41.41:577][  0]LogFileCache: Scanning file cache for directory 'C:/Users/michael.karlsson/Documents/GitHub/Hugis/Hugis_project/Content/Collections/' took 0.01s
[2017.03.08-09.41.41:577][  0]LogCollectionManager: Rebuilt the GUID cache for 0 collections in 0.000001 seconds
[2017.03.08-09.41.41:585][  0]LogContentBrowser: Native class hierarchy populated in 0.0071 seconds. Added 2244 classes and 450 folders.
[2017.03.08-09.41.41:587][  0]LogStats: UGameplayTagsManager::ConstructGameplayTagTree: Construct from data asset -  0.000 s
[2017.03.08-09.41.41:587][  0]LogStats: UGameplayTagsManager::ConstructGameplayTagTree: GameplayTagTreeChangedEvent.Broadcast -  0.000 s
[2017.03.08-09.41.41:632][  0]LogContentBrowser: Native class hierarchy updated for 'WidgetCarousel' in 0.0004 seconds. Added 0 classes and 0 folders.
[2017.03.08-09.41.41:657][  0]LogContentBrowser: Native class hierarchy updated for 'AddContentDialog' in 0.0004 seconds. Added 0 classes and 0 folders.
[2017.03.08-09.41.41:689][  0]LogContentBrowser: Native class hierarchy updated for 'SceneOutliner' in 0.0004 seconds. Added 1 classes and 2 folders.
[2017.03.08-09.41.41:726][  0]LogCrashTracker: Crashtracker disabled due to settings.
[2017.03.08-09.41.41:804][  0]LogContentBrowser: Native class hierarchy updated for 'HierarchicalLODOutliner' in 0.0005 seconds. Added 1 classes and 2 folders.
[2017.03.08-09.41.41:804][  0]LogLoad: (Engine Initialization) Total time: 11.17 seconds
[2017.03.08-09.41.41:804][  0]LogLoad: (Engine Initialization) Total Blueprint compile time: 0.11 seconds
[2017.03.08-09.41.41:804][  0]LogExternalProfiler: Found external profiler: VSPerf
[2017.03.08-09.41.41:804][  0]LogExternalProfiler: Using external profiler: VSPerf
[2017.03.08-09.41.41:814][  0]LogOcInput: OculusInput pre-init called
[2017.03.08-09.41.41:829][  0]LogAssetRegistry: Asset discovery search completed in 6.3216 seconds
[2017.03.08-09.41.41:829][  0]LogCollectionManager: Rebuilt the object cache for 0 collections in 0.000003 seconds (found 0 objects)
[2017.03.08-09.41.41:829][  0]LogCollectionManager: Fixed up redirectors for 0 collections in 0.000013 seconds (updated 0 objects)
[2017.03.08-09.41.41:834][  0]LogContentStreaming: Texture pool size now 1000 MB
[2017.03.08-09.41.41:841][  0]LogSlate: Took 0.000144 seconds to synchronously load lazily loaded font '../../../Engine/Content/Slate/Fonts/Roboto-Regular.ttf' (155K)
[2017.03.08-09.41.41:845][  0]LogSlate: Took 0.000176 seconds to synchronously load lazily loaded font '../../../Engine/Content/Slate/Fonts/Roboto-Bold.ttf' (160K)
[2017.03.08-09.41.41:849][  0]LogSlate: Took 0.000207 seconds to synchronously load lazily loaded font '../../../Engine/Content/Editor/Slate/Fonts/FontAwesome.ttf' (139K)
[2017.03.08-09.41.42:000][  0]LogRenderer: Reallocating scene render targets to support 1616x808 NumSamples 1 (Frame:2).
[2017.03.08-09.42.23:636][942]SourceControl: Info Source control is disabled
[2017.03.08-09.43.23:540][705]SourceControl:Error: Error Failed to enable Git source control. You need to initialize the project as a Git repository first.
[2017.03.08-09.44.07:070][493]SourceControl:Error: Error Failed to enable Git source control. You need to initialize the project as a Git repository first.
[2017.03.08-09.44.08:362][629]SourceControl: Info Source control is disabled
[2017.03.08-09.44.14:180][898]LogEditorViewport: Clicking on Actor (LMB): TextRenderActor (TextRenderActor)
[2017.03.08-09.44.15:258][ 16]LogEditorViewport: Clicking on Actor (LMB): StaticMeshActor (Floor)
[2017.03.08-09.44.26:975][378]LogSlate: Took 0.000132 seconds to synchronously load lazily loaded font '../../../Engine/Content/Slate/Fonts/Roboto-Light.ttf' (159K)
[2017.03.08-09.44.27:129][378]LogSavePackage: Save=75.18ms
[2017.03.08-09.44.27:129][378]LogSavePackage: Moving '../../../../../../Users/michael.karlsson/Documents/GitHub/Hugis/Hugis_project/Saved/ThirdPersonExampleMap43E4062D491BDC73999AF0B355D64948.tmp' to '../../../../../../Users/michael.karlsson/Documents/GitHub/Hugis/Hugis_project/Content/ThirdPersonBP/Maps/ThirdPersonExampleMap.umap'
[2017.03.08-09.44.27:133][378]LogSavePackage:Display: Finished SavePackage ../../../../../../Users/michael.karlsson/Documents/GitHub/Hugis/Hugis_project/Content/ThirdPersonBP/Maps/ThirdPersonExampleMap.umap
[2017.03.08-09.44.27:159][378]LogFileHelpers: Saving map 'ThirdPersonExampleMap' took 0.157
